<?xml version="1.0" encoding="UTF-8"?>
<!-- Generated by org.testng.reporters.JUnitXMLReporter -->
<testsuite ignored="0" hostname="DESKTOP-GTA4HK7" failures="1" tests="1" name="Test_Chrome" time="1.705" errors="0" timestamp="13 jul. 2023 22:13:08 GMT">
  <testcase classname="Test.TestMercuryTours" name="testMercuryTours" time="0.003">
    <failure type="java.lang.NullPointerException" message="Cannot invoke &amp;quot;org.openqa.selenium.WebElement.click()&amp;quot; because &amp;quot;element&amp;quot; is null">
      <![CDATA[java.lang.NullPointerException: Cannot invoke "org.openqa.selenium.WebElement.click()" because "element" is null
at UtilitiesPackage.Utilities.clickBtn(Utilities.java:14)
at Pages.MTLandingPage.clickRegisterBtn(MTLandingPage.java:23)
at Test.TestMercuryTours.testMercuryTours(TestMercuryTours.java:18)
... Removed 25 stack frames]]>
    </failure>
  </testcase> <!-- testMercuryTours -->
</testsuite> <!-- Test_Chrome -->
