<?xml version="1.0" encoding="UTF-8"?>
<testng-results ignored="0" total="1" passed="0" failed="1" skipped="0">
  <reporter-output>
  </reporter-output>
  <suite started-at="2023-07-13T22:13:06Z" name="Suite" finished-at="2023-07-13T22:13:08Z" duration-ms="1705">
    <groups>
    </groups>
    <test started-at="2023-07-13T22:13:06Z" name="Test_Chrome" finished-at="2023-07-13T22:13:08Z" duration-ms="1705">
      <class name="Test.TestMercuryTours">
        <test-method is-config="true" signature="beforeTest(java.lang.String, java.lang.String)[pri:0, instance:Test.TestMercuryTours@610f7aa]" started-at="2023-07-13T22:13:06Z" name="beforeTest" finished-at="2023-07-13T22:13:08Z" duration-ms="1614" status="PASS">
          <params>
            <param index="0">
              <value>
                <![CDATA[chrome]]>
              </value>
            </param>
            <param index="1">
              <value>
                <![CDATA[https://demo.guru99.com/selenium/newtours/]]>
              </value>
            </param>
          </params>
          <reporter-output>
          </reporter-output>
        </test-method> <!-- beforeTest -->
        <test-method signature="testMercuryTours()[pri:0, instance:Test.TestMercuryTours@610f7aa]" started-at="2023-07-13T22:13:08Z" name="testMercuryTours" finished-at="2023-07-13T22:13:08Z" duration-ms="3" status="FAIL">
          <exception class="java.lang.NullPointerException">
            <message>
              <![CDATA[Cannot invoke "org.openqa.selenium.WebElement.click()" because "element" is null]]>
            </message>
            <full-stacktrace>
              <![CDATA[java.lang.NullPointerException: Cannot invoke "org.openqa.selenium.WebElement.click()" because "element" is null
at UtilitiesPackage.Utilities.clickBtn(Utilities.java:14)
at Pages.MTLandingPage.clickRegisterBtn(MTLandingPage.java:23)
at Test.TestMercuryTours.testMercuryTours(TestMercuryTours.java:18)
at java.base/jdk.internal.reflect.NativeMethodAccessorImpl.invoke0(Native Method)
at java.base/jdk.internal.reflect.NativeMethodAccessorImpl.invoke(NativeMethodAccessorImpl.java:77)
at java.base/jdk.internal.reflect.DelegatingMethodAccessorImpl.invoke(DelegatingMethodAccessorImpl.java:43)
at java.base/java.lang.reflect.Method.invoke(Method.java:568)
at org.testng.internal.MethodInvocationHelper.invokeMethod(MethodInvocationHelper.java:124)
at org.testng.internal.Invoker.invokeMethod(Invoker.java:583)
at org.testng.internal.Invoker.invokeTestMethod(Invoker.java:719)
at org.testng.internal.Invoker.invokeTestMethods(Invoker.java:989)
at org.testng.internal.TestMethodWorker.invokeTestMethods(TestMethodWorker.java:125)
at org.testng.internal.TestMethodWorker.run(TestMethodWorker.java:109)
at org.testng.TestRunner.privateRun(TestRunner.java:648)
at org.testng.TestRunner.run(TestRunner.java:505)
at org.testng.SuiteRunner.runTest(SuiteRunner.java:455)
at org.testng.SuiteRunner.runSequentially(SuiteRunner.java:450)
at org.testng.SuiteRunner.privateRun(SuiteRunner.java:415)
at org.testng.SuiteRunner.run(SuiteRunner.java:364)
at org.testng.SuiteRunnerWorker.runSuite(SuiteRunnerWorker.java:52)
at org.testng.SuiteRunnerWorker.run(SuiteRunnerWorker.java:84)
at org.testng.TestNG.runSuitesSequentially(TestNG.java:1208)
at org.testng.TestNG.runSuitesLocally(TestNG.java:1137)
at org.testng.TestNG.runSuites(TestNG.java:1049)
at org.testng.TestNG.run(TestNG.java:1017)
at org.testng.remote.AbstractRemoteTestNG.run(AbstractRemoteTestNG.java:115)
at org.testng.remote.RemoteTestNG.initAndRun(RemoteTestNG.java:251)
at org.testng.remote.RemoteTestNG.main(RemoteTestNG.java:77)
]]>
            </full-stacktrace>
          </exception> <!-- java.lang.NullPointerException -->
          <reporter-output>
          </reporter-output>
        </test-method> <!-- testMercuryTours -->
        <test-method is-config="true" signature="afterTest()[pri:0, instance:Test.TestMercuryTours@610f7aa]" started-at="2023-07-13T22:13:08Z" name="afterTest" finished-at="2023-07-13T22:13:08Z" duration-ms="77" status="PASS">
          <reporter-output>
          </reporter-output>
        </test-method> <!-- afterTest -->
      </class> <!-- Test.TestMercuryTours -->
    </test> <!-- Test_Chrome -->
  </suite> <!-- Suite -->
</testng-results>
