<?xml version="1.0" encoding="UTF-8"?>
<testng-results ignored="0" total="2" passed="2" failed="0" skipped="0">
  <reporter-output>
  </reporter-output>
  <suite started-at="2023-07-14T02:29:14Z" name="Suite" finished-at="2023-07-14T02:29:20Z" duration-ms="5586">
    <groups>
    </groups>
    <test started-at="2023-07-14T02:29:14Z" name="Test_Chrome" finished-at="2023-07-14T02:29:17Z" duration-ms="2901">
      <class name="Test.TestMercuryTours">
        <test-method is-config="true" signature="beforeTest(java.lang.String, java.lang.String)[pri:0, instance:Test.TestMercuryTours@1329eff]" started-at="2023-07-14T02:29:14Z" name="beforeTest" finished-at="2023-07-14T02:29:16Z" duration-ms="1611" status="PASS">
          <params>
            <param index="0">
              <value>
                <![CDATA[chrome]]>
              </value>
            </param>
            <param index="1">
              <value>
                <![CDATA[https://demo.guru99.com/selenium/newtours/]]>
              </value>
            </param>
          </params>
          <reporter-output>
          </reporter-output>
        </test-method> <!-- beforeTest -->
        <test-method signature="testMercuryTours()[pri:0, instance:Test.TestMercuryTours@1329eff]" started-at="2023-07-14T02:29:16Z" name="testMercuryTours" finished-at="2023-07-14T02:29:17Z" duration-ms="1204" status="PASS">
          <reporter-output>
          </reporter-output>
        </test-method> <!-- testMercuryTours -->
        <test-method is-config="true" signature="afterTest()[pri:0, instance:Test.TestMercuryTours@1329eff]" started-at="2023-07-14T02:29:17Z" name="afterTest" finished-at="2023-07-14T02:29:17Z" duration-ms="76" status="PASS">
          <reporter-output>
          </reporter-output>
        </test-method> <!-- afterTest -->
      </class> <!-- Test.TestMercuryTours -->
    </test> <!-- Test_Chrome -->
    <test started-at="2023-07-14T02:29:17Z" name="Test_Edge" finished-at="2023-07-14T02:29:20Z" duration-ms="2649">
      <class name="Test.TestMercuryTours">
        <test-method is-config="true" signature="beforeTest(java.lang.String, java.lang.String)[pri:0, instance:Test.TestMercuryTours@4da4253]" started-at="2023-07-14T02:29:17Z" name="beforeTest" finished-at="2023-07-14T02:29:18Z" duration-ms="1324" status="PASS">
          <params>
            <param index="0">
              <value>
                <![CDATA[edge]]>
              </value>
            </param>
            <param index="1">
              <value>
                <![CDATA[https://demo.guru99.com/selenium/newtours/]]>
              </value>
            </param>
          </params>
          <reporter-output>
          </reporter-output>
        </test-method> <!-- beforeTest -->
        <test-method signature="testMercuryTours()[pri:0, instance:Test.TestMercuryTours@4da4253]" started-at="2023-07-14T02:29:18Z" name="testMercuryTours" finished-at="2023-07-14T02:29:20Z" duration-ms="1283" status="PASS">
          <reporter-output>
          </reporter-output>
        </test-method> <!-- testMercuryTours -->
        <test-method is-config="true" signature="afterTest()[pri:0, instance:Test.TestMercuryTours@4da4253]" started-at="2023-07-14T02:29:20Z" name="afterTest" finished-at="2023-07-14T02:29:20Z" duration-ms="41" status="PASS">
          <reporter-output>
          </reporter-output>
        </test-method> <!-- afterTest -->
      </class> <!-- Test.TestMercuryTours -->
    </test> <!-- Test_Edge -->
  </suite> <!-- Suite -->
</testng-results>
